[2017-12-05 08:22:58] Processing: App\Jobs\LupaPasswordEmail
[2017-12-05 08:22:58] Processing: App\Jobs\LupaPasswordEmail[2017-12-05 08:22:58] Processing: App\Jobs\LupaPasswordEmail

[2017-12-05 08:22:58] Processing: App\Jobs\LupaPasswordEmail
[2017-12-05 08:23:01] Processing: App\Jobs\LupaPasswordEmail
[2017-12-05 08:23:01] Processing: App\Jobs\LupaPasswordEmail
[2017-12-05 08:23:02] Processed:  App\Jobs\LupaPasswordEmail
[2017-12-05 08:23:02] Processed:  App\Jobs\LupaPasswordEmail
[2017-12-05 08:23:05] Processed:  App\Jobs\LupaPasswordEmail
[2017-12-05 08:23:05] Processed:  App\Jobs\LupaPasswordEmail
[2017-12-05 08:28:58] Processing: App\Jobs\LupaPasswordEmail
[2017-12-05 08:28:58] Processed:  App\Jobs\LupaPasswordEmail
[2017-12-05 09:23:53] Processing: App\Jobs\SendFormEmail
[2017-12-05 09:23:53] Processed:  App\Jobs\SendFormEmail
[2017-12-05 09:24:03] Processing: App\Mail\BroadcastMail
[2017-12-05 09:24:03] Processing: App\Mail\BroadcastMail
[2017-12-05 09:24:04] Processing: App\Mail\BroadcastMail
[2017-12-05 09:24:04] Processing: App\Mail\BroadcastMail
[2017-12-05 09:24:05] Processing: App\Mail\BroadcastMail
[2017-12-05 09:24:05] Processing: App\Mail\BroadcastMail
[2017-12-05 09:24:05] Processing: App\Mail\BroadcastMail
[2017-12-05 09:24:05] Processing: App\Mail\BroadcastMail
[2017-12-05 09:24:07] Processing: App\Mail\BroadcastMail
[2017-12-05 09:24:07] Processed:  App\Mail\BroadcastMail
[2017-12-05 09:24:07] Processed:  App\Mail\BroadcastMail
[2017-12-05 09:24:07] Processing: App\Mail\BroadcastMail
[2017-12-05 09:24:08] Processed:  App\Mail\BroadcastMail
[2017-12-05 09:24:09] Processed:  App\Mail\BroadcastMail
[2017-12-05 09:24:10] Processing: App\Mail\BroadcastMail
[2017-12-05 09:24:10] Processed:  App\Mail\BroadcastMail
[2017-12-05 09:24:10] Processed:  App\Mail\BroadcastMail
[2017-12-05 09:24:10] Processed:  App\Mail\BroadcastMail
[2017-12-05 09:24:14] Processed:  App\Mail\BroadcastMail
[2017-12-05 09:28:30] Processing: App\Jobs\SendFormEmail
[2017-12-05 09:28:30] Processed:  App\Jobs\SendFormEmail
[2017-12-05 09:28:40] Processing: App\Mail\BroadcastMail
[2017-12-05 09:28:41] Processing: App\Mail\BroadcastMail
[2017-12-05 09:28:41] Processing: App\Mail\BroadcastMail
[2017-12-05 09:28:41] Processing: App\Mail\BroadcastMail
[2017-12-05 09:28:41] Processing: App\Mail\BroadcastMail
[2017-12-05 09:28:41] Processing: App\Mail\BroadcastMail
[2017-12-05 09:28:42] Processing: App\Mail\BroadcastMail
[2017-12-05 09:28:42] Processing: App\Mail\BroadcastMail
[2017-12-05 09:28:43] Processed:  App\Mail\BroadcastMail
[2017-12-05 09:28:44] Processing: App\Mail\BroadcastMail
[2017-12-05 09:28:44] Processing: App\Mail\BroadcastMail
[2017-12-05 09:28:44] Processing: App\Mail\BroadcastMail
[2017-12-05 09:28:44] Processed:  App\Mail\BroadcastMail
[2017-12-05 09:28:45] Processed:  App\Mail\BroadcastMail
[2017-12-05 09:28:45] Processed:  App\Mail\BroadcastMail
[2017-12-05 09:28:45] Processing: App\Mail\BroadcastMail
[2017-12-05 09:28:47] Processing: App\Mail\BroadcastMail
[2017-12-05 09:28:47] Processed:  App\Mail\BroadcastMail
[2017-12-05 09:28:47] Processed:  App\Mail\BroadcastMail
[2017-12-05 09:28:50] Processed:  App\Mail\BroadcastMail
[2017-12-05 09:28:50] Processed:  App\Mail\BroadcastMail
[2017-12-05 09:48:40] Processing: App\Jobs\LupaPasswordEmail
[2017-12-05 09:48:45] Processed:  App\Jobs\LupaPasswordEmail
[2017-12-05 09:51:01] Processing: App\Events\MessageSentEvent
[2017-12-05 09:51:02] Processed:  App\Events\MessageSentEvent
[2017-12-05 09:51:12] Processing: App\Events\MessageSentEvent
[2017-12-05 09:51:12] Processed:  App\Events\MessageSentEvent
[2017-12-06 06:10:28] Processing: App\Events\MessageSentEvent
[2017-12-06 06:10:29] Processed:  App\Events\MessageSentEvent
[2017-12-06 06:17:32] Processing: App\Events\MessageSentEvent
[2017-12-06 06:17:32] Processed:  App\Events\MessageSentEvent
[2017-12-06 06:18:08] Processing: App\Events\MessageSentEvent
[2017-12-06 06:18:08] Processed:  App\Events\MessageSentEvent
[2017-12-06 06:19:14] Processing: App\Events\MessageSentEvent
[2017-12-06 06:19:14] Processed:  App\Events\MessageSentEvent
[2017-12-06 06:20:48] Processing: App\Events\MessageSentEvent
[2017-12-06 06:20:48] Processed:  App\Events\MessageSentEvent
[2017-12-06 06:25:54] Processing: App\Events\MessageSentEvent
[2017-12-06 06:25:54] Processed:  App\Events\MessageSentEvent
[2017-12-06 06:26:05] Processing: App\Events\MessageSentEvent
[2017-12-06 06:26:06] Processed:  App\Events\MessageSentEvent
[2017-12-06 06:43:04] Processing: App\Events\MessageSentEvent
[2017-12-06 06:43:05] Processed:  App\Events\MessageSentEvent
[2017-12-06 06:45:19] Processing: App\Events\MessageSentEvent
[2017-12-06 06:45:19] Processed:  App\Events\MessageSentEvent
[2017-12-06 06:45:39] Processing: App\Events\MessageSentEvent
[2017-12-06 06:45:40] Processed:  App\Events\MessageSentEvent
[2017-12-06 07:04:22] Processing: App\Events\MessageSentEvent
[2017-12-06 07:04:23] Processed:  App\Events\MessageSentEvent
[2017-12-06 07:15:02] Processing: App\Events\MessageSentEvent
[2017-12-06 07:15:02] Processed:  App\Events\MessageSentEvent
[2017-12-06 07:16:11] Processing: App\Events\MessageSentEvent
[2017-12-06 07:16:12] Processed:  App\Events\MessageSentEvent
[2017-12-06 07:17:27] Processing: App\Events\MessageSentEvent
[2017-12-06 07:17:28] Processed:  App\Events\MessageSentEvent
[2017-12-06 07:20:18] Processing: App\Events\MessageSentEvent
[2017-12-06 07:20:18] Processed:  App\Events\MessageSentEvent
[2017-12-06 07:21:09] Processing: App\Events\MessageSentEvent
[2017-12-06 07:21:09] Processed:  App\Events\MessageSentEvent
